<?xml version="1.0" encoding="UTF-8"?>
<testsuite name="Academy Choucair" tests="1" skipped="0" failures="0" errors="0" timestamp="2021-08-05T18:16:42" hostname="DESKTOP-U8GU9RB" time="34.439">
  <properties/>
  <testcase name="Search for a automation course" classname="Academy Choucair" time="34.439"/>
  <system-out><![CDATA[]]></system-out>
  <system-err><![CDATA[[Test worker] WARN net.thucydides.core.steps.BaseStepListener - stepStarted: net.thucydides.core.steps.ExecutedStepDescription@7a498020
[Test worker] WARN net.thucydides.core.steps.BaseStepListener - stepStarted: net.thucydides.core.steps.ExecutedStepDescription@8e84e6d
[Test worker] WARN net.thucydides.core.steps.BaseStepListener - stepStarted: net.thucydides.core.steps.ExecutedStepDescription@628d66d8
ago 05, 2021 1:16:44 PM org.openqa.selenium.remote.DesiredCapabilities chrome
INFORMACIÓN: Using `new ChromeOptions()` is preferred to `DesiredCapabilities.chrome()`
[Test worker] INFO net.serenitybdd.core.webdriver.driverproviders.ProvideNewDriver - Instantiating driver
[Test worker] INFO net.serenitybdd.core.webdriver.driverproviders.ProvideNewDriver - Driver capabilities: Capabilities {acceptInsecureCerts: false, browserName: chrome, chrome.switches: --start-maximized, goog:chromeOptions: {args: [--start-maximized], extensions: []}, loggingPrefs: org.openqa.selenium.logging..., platform: ANY, version: }
Starting ChromeDriver 92.0.4515.107 (87a818b10553a07434ea9e2b6dccf3cbe7895134-refs/branch-heads/4515@{#1634}) on port 1525
Only local connections are allowed.
Please see https://chromedriver.chromium.org/security-considerations for suggestions on keeping ChromeDriver safe.
ChromeDriver was started successfully.
ago 05, 2021 1:16:50 PM org.openqa.selenium.remote.ProtocolHandshake createSession
INFORMACIÓN: Detected dialect: W3C
[Test worker] WARN net.thucydides.core.steps.BaseStepListener - stepFinished: current outcome:Search for a automation course:Given than brandon wants to learn automation at the academy Choucair
| strUser | strPassword |
| 1119893935 | Choucair2021* | [Brandon open up [Brandon opens the Choucair academy page]]
[Test worker] WARN net.thucydides.core.steps.BaseStepListener - stepFinished: current outcome:Search for a automation course:Given than brandon wants to learn automation at the academy Choucair
| strUser | strPassword |
| 1119893935 | Choucair2021* | [Brandon open up [Brandon opens the Choucair academy page]]
[Test worker] WARN net.thucydides.core.steps.BaseStepListener - stepStarted: net.thucydides.core.steps.ExecutedStepDescription@37fe6e79
[Test worker] WARN net.thucydides.core.steps.BaseStepListener - stepStarted: net.thucydides.core.steps.ExecutedStepDescription@22b22471
[Test worker] WARN net.thucydides.core.steps.BaseStepListener - stepFinished: current outcome:Search for a automation course:Given than brandon wants to learn automation at the academy Choucair
| strUser | strPassword |
| 1119893935 | Choucair2021* | [Brandon open up [Brandon opens the Choucair academy page], Brandon login [Brandon clicks on Button that show us the form to login]]
[Test worker] WARN net.thucydides.core.steps.BaseStepListener - stepStarted: net.thucydides.core.steps.ExecutedStepDescription@74d82750
[Test worker] WARN net.thucydides.core.steps.BaseStepListener - stepFinished: current outcome:Search for a automation course:Given than brandon wants to learn automation at the academy Choucair
| strUser | strPassword |
| 1119893935 | Choucair2021* | [Brandon open up [Brandon opens the Choucair academy page], Brandon login [Brandon clicks on Button that show us the form to login, Brandon enters '1119893935' into where do we write the user]]
[Test worker] WARN net.thucydides.core.steps.BaseStepListener - stepStarted: net.thucydides.core.steps.ExecutedStepDescription@6b0eaae4
[Test worker] WARN net.thucydides.core.steps.BaseStepListener - stepFinished: current outcome:Search for a automation course:Given than brandon wants to learn automation at the academy Choucair
| strUser | strPassword |
| 1119893935 | Choucair2021* | [Brandon open up [Brandon opens the Choucair academy page], Brandon login [Brandon clicks on Button that show us the form to login, Brandon enters '1119893935' into where do we write the user, Brandon enters 'Choucair2021*' into where do we write the password]]
[Test worker] WARN net.thucydides.core.steps.BaseStepListener - stepStarted: net.thucydides.core.steps.ExecutedStepDescription@33229564
[Test worker] WARN net.thucydides.core.steps.BaseStepListener - stepFinished: current outcome:Search for a automation course:Given than brandon wants to learn automation at the academy Choucair
| strUser | strPassword |
| 1119893935 | Choucair2021* | [Brandon open up [Brandon opens the Choucair academy page], Brandon login [Brandon clicks on Button that show us the form to login, Brandon enters '1119893935' into where do we write the user, Brandon enters 'Choucair2021*' into where do we write the password, Brandon clicks on Button  to confirm login]]
[Test worker] WARN net.thucydides.core.steps.BaseStepListener - stepFinished: current outcome:Search for a automation course:Given than brandon wants to learn automation at the academy Choucair
| strUser | strPassword |
| 1119893935 | Choucair2021* | [Brandon open up [Brandon opens the Choucair academy page], Brandon login [Brandon clicks on Button that show us the form to login, Brandon enters '1119893935' into where do we write the user, Brandon enters 'Choucair2021*' into where do we write the password, Brandon clicks on Button  to confirm login]]
[Test worker] WARN net.thucydides.core.steps.BaseStepListener - stepFinished: current outcome:Search for a automation course:Given than brandon wants to learn automation at the academy Choucair
| strUser | strPassword |
| 1119893935 | Choucair2021* | [Brandon open up [Brandon opens the Choucair academy page], Brandon login [Brandon clicks on Button that show us the form to login, Brandon enters '1119893935' into where do we write the user, Brandon enters 'Choucair2021*' into where do we write the password, Brandon clicks on Button  to confirm login]]
[Test worker] WARN net.thucydides.core.steps.BaseStepListener - stepStarted: net.thucydides.core.steps.ExecutedStepDescription@73f6c5e5
[Test worker] WARN net.thucydides.core.steps.BaseStepListener - stepStarted: net.thucydides.core.steps.ExecutedStepDescription@1c10be55
[Test worker] WARN net.thucydides.core.steps.BaseStepListener - stepStarted: net.thucydides.core.steps.ExecutedStepDescription@3d9f8593
[Test worker] WARN net.thucydides.core.steps.BaseStepListener - stepFinished: current outcome:Search for a automation course:Given than brandon wants to learn automation at the academy Choucair
| strUser | strPassword |
| 1119893935 | Choucair2021* | [Brandon open up [Brandon opens the Choucair academy page], Brandon login [Brandon clicks on Button that show us the form to login, Brandon enters '1119893935' into where do we write the user, Brandon enters 'Choucair2021*' into where do we write the password, Brandon clicks on Button  to confirm login]], When he search for the course on the choucair academy platform
| strCourse |
| Metodología Bancolombia | [Brandon search [Brandon clicks on Seleccionar la universidad choucair]]
[Test worker] WARN net.thucydides.core.steps.BaseStepListener - stepStarted: net.thucydides.core.steps.ExecutedStepDescription@34911fba
[Test worker] WARN net.thucydides.core.steps.BaseStepListener - stepFinished: current outcome:Search for a automation course:Given than brandon wants to learn automation at the academy Choucair
| strUser | strPassword |
| 1119893935 | Choucair2021* | [Brandon open up [Brandon opens the Choucair academy page], Brandon login [Brandon clicks on Button that show us the form to login, Brandon enters '1119893935' into where do we write the user, Brandon enters 'Choucair2021*' into where do we write the password, Brandon clicks on Button  to confirm login]], When he search for the course on the choucair academy platform
| strCourse |
| Metodología Bancolombia | [Brandon search [Brandon clicks on Seleccionar la universidad choucair, Brandon enters 'Metodología Bancolombia' into Buscar el curso]]
[Test worker] WARN net.thucydides.core.steps.BaseStepListener - stepStarted: net.thucydides.core.steps.ExecutedStepDescription@569fba8e
[Test worker] WARN net.thucydides.core.steps.BaseStepListener - stepFinished: current outcome:Search for a automation course:Given than brandon wants to learn automation at the academy Choucair
| strUser | strPassword |
| 1119893935 | Choucair2021* | [Brandon open up [Brandon opens the Choucair academy page], Brandon login [Brandon clicks on Button that show us the form to login, Brandon enters '1119893935' into where do we write the user, Brandon enters 'Choucair2021*' into where do we write the password, Brandon clicks on Button  to confirm login]], When he search for the course on the choucair academy platform
| strCourse |
| Metodología Bancolombia | [Brandon search [Brandon clicks on Seleccionar la universidad choucair, Brandon enters 'Metodología Bancolombia' into Buscar el curso, Brandon clicks on Ir al curso ingresado]]
[Test worker] WARN net.thucydides.core.steps.BaseStepListener - stepStarted: net.thucydides.core.steps.ExecutedStepDescription@5c69a9d
[Test worker] WARN net.thucydides.core.steps.BaseStepListener - stepFinished: current outcome:Search for a automation course:Given than brandon wants to learn automation at the academy Choucair
| strUser | strPassword |
| 1119893935 | Choucair2021* | [Brandon open up [Brandon opens the Choucair academy page], Brandon login [Brandon clicks on Button that show us the form to login, Brandon enters '1119893935' into where do we write the user, Brandon enters 'Choucair2021*' into where do we write the password, Brandon clicks on Button  to confirm login]], When he search for the course on the choucair academy platform
| strCourse |
| Metodología Bancolombia | [Brandon search [Brandon clicks on Seleccionar la universidad choucair, Brandon enters 'Metodología Bancolombia' into Buscar el curso, Brandon clicks on Ir al curso ingresado, Brandon clicks on Seleccion el curso]]
[Test worker] WARN net.thucydides.core.steps.BaseStepListener - stepFinished: current outcome:Search for a automation course:Given than brandon wants to learn automation at the academy Choucair
| strUser | strPassword |
| 1119893935 | Choucair2021* | [Brandon open up [Brandon opens the Choucair academy page], Brandon login [Brandon clicks on Button that show us the form to login, Brandon enters '1119893935' into where do we write the user, Brandon enters 'Choucair2021*' into where do we write the password, Brandon clicks on Button  to confirm login]], When he search for the course on the choucair academy platform
| strCourse |
| Metodología Bancolombia | [Brandon search [Brandon clicks on Seleccionar la universidad choucair, Brandon enters 'Metodología Bancolombia' into Buscar el curso, Brandon clicks on Ir al curso ingresado, Brandon clicks on Seleccion el curso]]
[Test worker] WARN net.thucydides.core.steps.BaseStepListener - stepFinished: current outcome:Search for a automation course:Given than brandon wants to learn automation at the academy Choucair
| strUser | strPassword |
| 1119893935 | Choucair2021* | [Brandon open up [Brandon opens the Choucair academy page], Brandon login [Brandon clicks on Button that show us the form to login, Brandon enters '1119893935' into where do we write the user, Brandon enters 'Choucair2021*' into where do we write the password, Brandon clicks on Button  to confirm login]], When he search for the course on the choucair academy platform
| strCourse |
| Metodología Bancolombia | [Brandon search [Brandon clicks on Seleccionar la universidad choucair, Brandon enters 'Metodología Bancolombia' into Buscar el curso, Brandon clicks on Ir al curso ingresado, Brandon clicks on Seleccion el curso]]
[Test worker] WARN net.thucydides.core.steps.BaseStepListener - stepStarted: net.thucydides.core.steps.ExecutedStepDescription@19a7549c
[Test worker] WARN net.thucydides.core.steps.BaseStepListener - stepStarted: net.thucydides.core.steps.ExecutedStepDescription@71790aca
[Test worker] WARN net.thucydides.core.steps.BaseStepListener - stepFinished: current outcome:Search for a automation course:Given than brandon wants to learn automation at the academy Choucair
| strUser | strPassword |
| 1119893935 | Choucair2021* | [Brandon open up [Brandon opens the Choucair academy page], Brandon login [Brandon clicks on Button that show us the form to login, Brandon enters '1119893935' into where do we write the user, Brandon enters 'Choucair2021*' into where do we write the password, Brandon clicks on Button  to confirm login]], When he search for the course on the choucair academy platform
| strCourse |
| Metodología Bancolombia | [Brandon search [Brandon clicks on Seleccionar la universidad choucair, Brandon enters 'Metodología Bancolombia' into Buscar el curso, Brandon clicks on Ir al curso ingresado, Brandon clicks on Seleccion el curso]], Then he finds the course called
| strCourse |
| Metodología Bancolombia | [Then answer]
[Test worker] WARN net.thucydides.core.steps.BaseStepListener - stepFinished: current outcome:Search for a automation course:Given than brandon wants to learn automation at the academy Choucair
| strUser | strPassword |
| 1119893935 | Choucair2021* | [Brandon open up [Brandon opens the Choucair academy page], Brandon login [Brandon clicks on Button that show us the form to login, Brandon enters '1119893935' into where do we write the user, Brandon enters 'Choucair2021*' into where do we write the password, Brandon clicks on Button  to confirm login]], When he search for the course on the choucair academy platform
| strCourse |
| Metodología Bancolombia | [Brandon search [Brandon clicks on Seleccionar la universidad choucair, Brandon enters 'Metodología Bancolombia' into Buscar el curso, Brandon clicks on Ir al curso ingresado, Brandon clicks on Seleccion el curso]], Then he finds the course called
| strCourse |
| Metodología Bancolombia | [Then answer]
[Test worker] WARN net.thucydides.core.steps.BaseStepListener - testFinished: Search for a automation course:Given than brandon wants to learn automation at the academy Choucair
| strUser | strPassword |
| 1119893935 | Choucair2021* | [Brandon open up [Brandon opens the Choucair academy page], Brandon login [Brandon clicks on Button that show us the form to login, Brandon enters '1119893935' into where do we write the user, Brandon enters 'Choucair2021*' into where do we write the password, Brandon clicks on Button  to confirm login]], When he search for the course on the choucair academy platform
| strCourse |
| Metodología Bancolombia | [Brandon search [Brandon clicks on Seleccionar la universidad choucair, Brandon enters 'Metodología Bancolombia' into Buscar el curso, Brandon clicks on Ir al curso ingresado, Brandon clicks on Seleccion el curso]], Then he finds the course called
| strCourse |
| Metodología Bancolombia | [Then answer]
[Test worker] WARN net.thucydides.core.steps.BaseStepListener - TestOutcomes: [Search for a automation course:Given than brandon wants to learn automation at the academy Choucair
| strUser | strPassword |
| 1119893935 | Choucair2021* | [Brandon open up [Brandon opens the Choucair academy page], Brandon login [Brandon clicks on Button that show us the form to login, Brandon enters '1119893935' into where do we write the user, Brandon enters 'Choucair2021*' into where do we write the password, Brandon clicks on Button  to confirm login]], When he search for the course on the choucair academy platform
| strCourse |
| Metodología Bancolombia | [Brandon search [Brandon clicks on Seleccionar la universidad choucair, Brandon enters 'Metodología Bancolombia' into Buscar el curso, Brandon clicks on Ir al curso ingresado, Brandon clicks on Seleccion el curso]], Then he finds the course called
| strCourse |
| Metodología Bancolombia | [Then answer]]
[Test worker] WARN net.thucydides.core.steps.BaseStepListener - Final testOutcomes: [Search for a automation course:Given than brandon wants to learn automation at the academy Choucair
| strUser | strPassword |
| 1119893935 | Choucair2021* | [Brandon open up [Brandon opens the Choucair academy page], Brandon login [Brandon clicks on Button that show us the form to login, Brandon enters '1119893935' into where do we write the user, Brandon enters 'Choucair2021*' into where do we write the password, Brandon clicks on Button  to confirm login]], When he search for the course on the choucair academy platform
| strCourse |
| Metodología Bancolombia | [Brandon search [Brandon clicks on Seleccionar la universidad choucair, Brandon enters 'Metodología Bancolombia' into Buscar el curso, Brandon clicks on Ir al curso ingresado, Brandon clicks on Seleccion el curso]], Then he finds the course called
| strCourse |
| Metodología Bancolombia | [Then answer]]
[Test worker] INFO net.thucydides.core.steps.ConsoleLoggingListener - 
        __    _____ _____ ____ _____   ____   _    ____  ____  _____ ____  
  _     \ \  |_   _| ____/ ___|_   _| |  _ \ / \  / ___|/ ___|| ____|  _ \ 
 (_)_____| |   | | |  _| \___ \ | |   | |_) / _ \ \___ \\___ \|  _| | | | |
  _|_____| |   | | | |___ ___) || |   |  __/ ___ \ ___) |___) | |___| |_| |
 (_)     | |   |_| |_____|____/ |_|   |_| /_/   \_\____/|____/|_____|____/ 
        /_/                                                                

TEST PASSED: Search for a automation course
----------------------------------------------------------------------------
]]></system-err>
</testsuite>
